2023-06-01 07:31:40.695  INFO 9032 --- [restartedMain] o.s.b.w.embedded.tomcat.TomcatWebServer  : Tomcat initialized with port(s): 8080 (http)
2023-06-01 07:31:40.706  INFO 9032 --- [restartedMain] o.apache.catalina.core.StandardService   : Starting service [Tomcat]
2023-06-01 07:31:40.707  INFO 9032 --- [restartedMain] org.apache.catalina.core.StandardEngine  : Starting Servlet engine: [Apache Tomcat/9.0.31]
2023-06-01 07:31:40.765  INFO 9032 --- [restartedMain] o.a.c.c.C.[Tomcat].[localhost].[/]       : Initializing Spring embedded WebApplicationContext
2023-06-01 07:31:40.765  INFO 9032 --- [restartedMain] o.s.web.context.ContextLoader            : Root WebApplicationContext: initialization completed in 791 ms
2023-06-01 07:31:41.098  INFO 9032 --- [restartedMain] o.s.s.concurrent.ThreadPoolTaskExecutor  : Initializing ExecutorService 'applicationTaskExecutor'
2023-06-01 07:31:41.135  INFO 9032 --- [restartedMain] o.s.b.a.w.s.WelcomePageHandlerMapping    : Adding welcome page template: index
2023-06-01 07:31:41.226  INFO 9032 --- [restartedMain] o.s.b.d.a.OptionalLiveReloadServer       : LiveReload server is running on port 35729
2023-06-01 07:31:41.255  INFO 9032 --- [restartedMain] o.s.b.w.embedded.tomcat.TomcatWebServer  : Tomcat started on port(s): 8080 (http) with context path ''
2023-06-01 07:31:41.257  INFO 9032 --- [restartedMain] com.example.demo.DemoApplication         : Started DemoApplication in 1.602 seconds (JVM running for 2.455)
2023-06-01 07:31:57.816  INFO 9032 --- [http-nio-8080-exec-1] o.a.c.c.C.[Tomcat].[localhost].[/]       : Initializing Spring DispatcherServlet 'dispatcherServlet'
2023-06-01 07:31:57.816  INFO 9032 --- [http-nio-8080-exec-1] o.s.web.servlet.DispatcherServlet        : Initializing Servlet 'dispatcherServlet'
2023-06-01 07:31:57.819  INFO 9032 --- [http-nio-8080-exec-1] o.s.web.servlet.DispatcherServlet        : Completed initialization in 3 ms
2023-06-01 07:31:57.878  INFO 9032 --- [http-nio-8080-exec-1] com.alibaba.druid.pool.DruidDataSource   : {dataSource-1} inited
2023-06-01 07:33:03.966  WARN 9032 --- [http-nio-8080-exec-2] c.a.druid.pool.DruidAbstractDataSource   : discard long time none received connection. , jdbcUrl : jdbc:mysql://localhost:3306/db2023?useUnicode=true&characterEncoding=utf-8&serverTimezone=GMT, version : 1.2.4, lastPacketReceivedIdleMillis : 65977
2023-06-01 07:33:12.125  WARN 9032 --- [http-nio-8080-exec-3] .w.s.m.s.DefaultHandlerExceptionResolver : Resolved [org.springframework.web.method.annotation.MethodArgumentTypeMismatchException: Failed to convert value of type 'java.lang.String' to required type 'java.lang.Integer'; nested exception is java.lang.NumberFormatException: For input string: "login.html"]
2023-06-01 07:34:06.508  INFO 9032 --- [Thread-8] o.s.s.concurrent.ThreadPoolTaskExecutor  : Shutting down ExecutorService 'applicationTaskExecutor'
2023-06-01 07:34:06.509  INFO 9032 --- [Thread-8] com.alibaba.druid.pool.DruidDataSource   : {dataSource-1} closing ...
2023-06-01 07:34:06.511  INFO 9032 --- [Thread-8] com.alibaba.druid.pool.DruidDataSource   : {dataSource-1} closed
2023-06-01 07:34:07.054  INFO 9032 --- [restartedMain] com.example.demo.DemoApplication         : Starting DemoApplication on MS-DYSZKYWVGWIS with PID 9032 (D:\F\mhys\springboot-thymeleaf\target\classes started by Administrator in D:\F\mhys\springboot-thymeleaf)
2023-06-01 07:34:07.054  INFO 9032 --- [restartedMain] com.example.demo.DemoApplication         : No active profile set, falling back to default profiles: default
2023-06-01 07:34:07.312  INFO 9032 --- [restartedMain] o.s.b.w.embedded.tomcat.TomcatWebServer  : Tomcat initialized with port(s): 8080 (http)
2023-06-01 07:34:07.313  INFO 9032 --- [restartedMain] o.apache.catalina.core.StandardService   : Starting service [Tomcat]
2023-06-01 07:34:07.313  INFO 9032 --- [restartedMain] org.apache.catalina.core.StandardEngine  : Starting Servlet engine: [Apache Tomcat/9.0.31]
2023-06-01 07:34:07.329  INFO 9032 --- [restartedMain] o.a.c.c.C.[Tomcat].[localhost].[/]       : Initializing Spring embedded WebApplicationContext
2023-06-01 07:34:07.330  INFO 9032 --- [restartedMain] o.s.web.context.ContextLoader            : Root WebApplicationContext: initialization completed in 273 ms
2023-06-01 07:34:07.405  INFO 9032 --- [restartedMain] o.s.s.concurrent.ThreadPoolTaskExecutor  : Initializing ExecutorService 'applicationTaskExecutor'
2023-06-01 07:34:07.414  INFO 9032 --- [restartedMain] o.s.b.a.w.s.WelcomePageHandlerMapping    : Adding welcome page template: index
2023-06-01 07:34:07.444  INFO 9032 --- [restartedMain] o.s.b.d.a.OptionalLiveReloadServer       : LiveReload server is running on port 35729
2023-06-01 07:34:07.456  INFO 9032 --- [restartedMain] o.s.b.w.embedded.tomcat.TomcatWebServer  : Tomcat started on port(s): 8080 (http) with context path ''
2023-06-01 07:34:07.456  INFO 9032 --- [restartedMain] com.example.demo.DemoApplication         : Started DemoApplication in 0.427 seconds (JVM running for 148.654)
2023-06-01 07:34:07.457  INFO 9032 --- [restartedMain] .ConditionEvaluationDeltaLoggingListener : Condition evaluation unchanged
2023-06-01 07:34:11.609  INFO 9032 --- [http-nio-8080-exec-1] o.a.c.c.C.[Tomcat].[localhost].[/]       : Initializing Spring DispatcherServlet 'dispatcherServlet'
2023-06-01 07:34:11.609  INFO 9032 --- [http-nio-8080-exec-1] o.s.web.servlet.DispatcherServlet        : Initializing Servlet 'dispatcherServlet'
2023-06-01 07:34:11.616  INFO 9032 --- [http-nio-8080-exec-1] o.s.web.servlet.DispatcherServlet        : Completed initialization in 6 ms
2023-06-01 07:34:21.013  INFO 9032 --- [http-nio-8080-exec-1] com.alibaba.druid.pool.DruidDataSource   : {dataSource-2} inited
2023-06-01 07:35:25.394  INFO 9032 --- [Thread-15] o.s.s.concurrent.ThreadPoolTaskExecutor  : Shutting down ExecutorService 'applicationTaskExecutor'
2023-06-01 07:35:25.395  INFO 9032 --- [Thread-15] com.alibaba.druid.pool.DruidDataSource   : {dataSource-2} closing ...
2023-06-01 07:35:25.395  INFO 9032 --- [Thread-15] com.alibaba.druid.pool.DruidDataSource   : {dataSource-2} closed
2023-06-01 07:35:25.902  INFO 9032 --- [restartedMain] com.example.demo.DemoApplication         : Starting DemoApplication on MS-DYSZKYWVGWIS with PID 9032 (D:\F\mhys\springboot-thymeleaf\target\classes started by Administrator in D:\F\mhys\springboot-thymeleaf)
2023-06-01 07:35:25.903  INFO 9032 --- [restartedMain] com.example.demo.DemoApplication         : No active profile set, falling back to default profiles: default
2023-06-01 07:35:26.082  INFO 9032 --- [restartedMain] o.s.b.w.embedded.tomcat.TomcatWebServer  : Tomcat initialized with port(s): 8080 (http)
2023-06-01 07:35:26.082  INFO 9032 --- [restartedMain] o.apache.catalina.core.StandardService   : Starting service [Tomcat]
2023-06-01 07:35:26.082  INFO 9032 --- [restartedMain] org.apache.catalina.core.StandardEngine  : Starting Servlet engine: [Apache Tomcat/9.0.31]
2023-06-01 07:35:26.094  INFO 9032 --- [restartedMain] o.a.c.c.C.[Tomcat].[localhost].[/]       : Initializing Spring embedded WebApplicationContext
2023-06-01 07:35:26.095  INFO 9032 --- [restartedMain] o.s.web.context.ContextLoader            : Root WebApplicationContext: initialization completed in 191 ms
2023-06-01 07:35:26.162  INFO 9032 --- [restartedMain] o.s.s.concurrent.ThreadPoolTaskExecutor  : Initializing ExecutorService 'applicationTaskExecutor'
2023-06-01 07:35:26.171  INFO 9032 --- [restartedMain] o.s.b.a.w.s.WelcomePageHandlerMapping    : Adding welcome page template: index
2023-06-01 07:35:26.198  INFO 9032 --- [restartedMain] o.s.b.d.a.OptionalLiveReloadServer       : LiveReload server is running on port 35729
2023-06-01 07:35:26.211  INFO 9032 --- [restartedMain] o.s.b.w.embedded.tomcat.TomcatWebServer  : Tomcat started on port(s): 8080 (http) with context path ''
2023-06-01 07:35:26.211  INFO 9032 --- [restartedMain] com.example.demo.DemoApplication         : Started DemoApplication in 0.325 seconds (JVM running for 227.41)
2023-06-01 07:35:26.212  INFO 9032 --- [restartedMain] .ConditionEvaluationDeltaLoggingListener : Condition evaluation unchanged
2023-06-01 07:35:29.968  INFO 9032 --- [http-nio-8080-exec-1] o.a.c.c.C.[Tomcat].[localhost].[/]       : Initializing Spring DispatcherServlet 'dispatcherServlet'
2023-06-01 07:35:29.968  INFO 9032 --- [http-nio-8080-exec-1] o.s.web.servlet.DispatcherServlet        : Initializing Servlet 'dispatcherServlet'
2023-06-01 07:35:29.972  INFO 9032 --- [http-nio-8080-exec-1] o.s.web.servlet.DispatcherServlet        : Completed initialization in 4 ms
2023-06-01 07:35:29.977  INFO 9032 --- [http-nio-8080-exec-1] com.alibaba.druid.pool.DruidDataSource   : {dataSource-3} inited
2023-06-01 07:37:05.485  INFO 9032 --- [Thread-20] o.s.s.concurrent.ThreadPoolTaskExecutor  : Shutting down ExecutorService 'applicationTaskExecutor'
2023-06-01 07:37:05.486  INFO 9032 --- [Thread-20] com.alibaba.druid.pool.DruidDataSource   : {dataSource-3} closing ...
2023-06-01 07:37:05.486  INFO 9032 --- [Thread-20] com.alibaba.druid.pool.DruidDataSource   : {dataSource-3} closed
2023-06-01 07:37:06.034  INFO 9032 --- [restartedMain] com.example.demo.DemoApplication         : Starting DemoApplication on MS-DYSZKYWVGWIS with PID 9032 (D:\F\mhys\springboot-thymeleaf\target\classes started by Administrator in D:\F\mhys\springboot-thymeleaf)
2023-06-01 07:37:06.034  INFO 9032 --- [restartedMain] com.example.demo.DemoApplication         : No active profile set, falling back to default profiles: default
2023-06-01 07:37:06.220  INFO 9032 --- [restartedMain] o.s.b.w.embedded.tomcat.TomcatWebServer  : Tomcat initialized with port(s): 8080 (http)
2023-06-01 07:37:06.220  INFO 9032 --- [restartedMain] o.apache.catalina.core.StandardService   : Starting service [Tomcat]
2023-06-01 07:37:06.221  INFO 9032 --- [restartedMain] org.apache.catalina.core.StandardEngine  : Starting Servlet engine: [Apache Tomcat/9.0.31]
2023-06-01 07:37:06.234  INFO 9032 --- [restartedMain] o.a.c.c.C.[Tomcat].[localhost].[/]       : Initializing Spring embedded WebApplicationContext
2023-06-01 07:37:06.234  INFO 9032 --- [restartedMain] o.s.web.context.ContextLoader            : Root WebApplicationContext: initialization completed in 198 ms
2023-06-01 07:37:06.304  INFO 9032 --- [restartedMain] o.s.s.concurrent.ThreadPoolTaskExecutor  : Initializing ExecutorService 'applicationTaskExecutor'
2023-06-01 07:37:06.313  INFO 9032 --- [restartedMain] o.s.b.a.w.s.WelcomePageHandlerMapping    : Adding welcome page template: index
2023-06-01 07:37:06.343  INFO 9032 --- [restartedMain] o.s.b.d.a.OptionalLiveReloadServer       : LiveReload server is running on port 35729
2023-06-01 07:37:06.354  INFO 9032 --- [restartedMain] o.s.b.w.embedded.tomcat.TomcatWebServer  : Tomcat started on port(s): 8080 (http) with context path ''
2023-06-01 07:37:06.354  INFO 9032 --- [restartedMain] com.example.demo.DemoApplication         : Started DemoApplication in 0.338 seconds (JVM running for 327.552)
2023-06-01 07:37:06.355  INFO 9032 --- [restartedMain] .ConditionEvaluationDeltaLoggingListener : Condition evaluation unchanged
2023-06-01 07:37:24.345  INFO 9032 --- [SpringContextShutdownHook] o.s.s.concurrent.ThreadPoolTaskExecutor  : Shutting down ExecutorService 'applicationTaskExecutor'
2023-06-01 07:37:24.346  INFO 9032 --- [SpringContextShutdownHook] com.alibaba.druid.pool.DruidDataSource   : {dataSource-0} closing ...
